<?xml version="1.1" encoding="UTF-8"?>
<testsuite name="TokenTypeTest" tests="3" failures="0" errors="0" timestamp="2014-10-16T17:30:55" hostname="chris-UX31E" time="0.003">
  <properties/>
  <testcase name="parseTagTokenConstuctor" classname="TokenTypeTest" time="0.002"/>
  <testcase name="parseWordTokenConstuctor" classname="TokenTypeTest" time="0.0"/>
  <testcase name="parseMentioningTokenConstuctor" classname="TokenTypeTest" time="0.0"/>
  <system-out><![CDATA[]]></system-out>
  <system-err><![CDATA[]]></system-err>
</testsuite>
